<?xml version="1.0" encoding="UTF-8"?>
<!-- Generated by org.testng.reporters.JUnitReportReporter -->
<testsuite hostname="Jyothi" failures="0" tests="1" name="testRunner.TestRunner" time="15.916" errors="0" timestamp="2024-03-11T15:00:52 IST" skipped="0">
  <testcase classname="testRunner.TestRunner" name="runScenario" time="15.916"/>
</testsuite> <!-- testRunner.TestRunner -->
